C:\Users\sahid\Documents\Code\TECbox\TECBox_Backend\Frontend\TECBox-Frontend\dist\out-tsc\e2e\src\app.po.js
C:\Users\sahid\Documents\Code\TECbox\TECBox_Backend\Frontend\TECBox-Frontend\dist\out-tsc\e2e\src\app.po.js.map
C:\Users\sahid\Documents\Code\TECbox\TECBox_Backend\Frontend\TECBox-Frontend\dist\out-tsc\e2e\src\app.e2e-spec.js
C:\Users\sahid\Documents\Code\TECbox\TECBox_Backend\Frontend\TECBox-Frontend\dist\out-tsc\e2e\src\app.e2e-spec.js.map
C:\Users\sahid\Documents\Code\TECbox\TECBox_Backend\Frontend\TECBox-Frontend\dist\out-tsc\src\app\login-view\usuario.model.js
C:\Users\sahid\Documents\Code\TECbox\TECBox_Backend\Frontend\TECBox-Frontend\dist\out-tsc\src\app\login-view\usuario.model.js.map
C:\Users\sahid\Documents\Code\TECbox\TECBox_Backend\Frontend\TECBox-Frontend\dist\out-tsc\src\app\login-view\login-view.service.js
C:\Users\sahid\Documents\Code\TECbox\TECBox_Backend\Frontend\TECBox-Frontend\dist\out-tsc\src\app\login-view\login-view.service.js.map
C:\Users\sahid\Documents\Code\TECbox\TECBox_Backend\Frontend\TECBox-Frontend\dist\out-tsc\src\app\guards\auth.guard.js
C:\Users\sahid\Documents\Code\TECbox\TECBox_Backend\Frontend\TECBox-Frontend\dist\out-tsc\src\app\guards\auth.guard.js.map
C:\Users\sahid\Documents\Code\TECbox\TECBox_Backend\Frontend\TECBox-Frontend\dist\out-tsc\src\app\home-view\home-view.service.js
C:\Users\sahid\Documents\Code\TECbox\TECBox_Backend\Frontend\TECBox-Frontend\dist\out-tsc\src\app\home-view\home-view.service.js.map
C:\Users\sahid\Documents\Code\TECbox\TECBox_Backend\Frontend\TECBox-Frontend\dist\out-tsc\src\app\home-view\home-view.component.js
C:\Users\sahid\Documents\Code\TECbox\TECBox_Backend\Frontend\TECBox-Frontend\dist\out-tsc\src\app\home-view\home-view.component.js.map
C:\Users\sahid\Documents\Code\TECbox\TECBox_Backend\Frontend\TECBox-Frontend\dist\out-tsc\src\app\home-view\home-view-routing.module.js
C:\Users\sahid\Documents\Code\TECbox\TECBox_Backend\Frontend\TECBox-Frontend\dist\out-tsc\src\app\home-view\home-view-routing.module.js.map
C:\Users\sahid\Documents\Code\TECbox\TECBox_Backend\Frontend\TECBox-Frontend\dist\out-tsc\src\app\home-view\home-view.module.js
C:\Users\sahid\Documents\Code\TECbox\TECBox_Backend\Frontend\TECBox-Frontend\dist\out-tsc\src\app\home-view\home-view.module.js.map
C:\Users\sahid\Documents\Code\TECbox\TECBox_Backend\Frontend\TECBox-Frontend\dist\out-tsc\src\app\admin-view\admin-view.service.js
C:\Users\sahid\Documents\Code\TECbox\TECBox_Backend\Frontend\TECBox-Frontend\dist\out-tsc\src\app\admin-view\admin-view.service.js.map
C:\Users\sahid\Documents\Code\TECbox\TECBox_Backend\Frontend\TECBox-Frontend\dist\out-tsc\src\app\admin-view\admin-view.component.js
C:\Users\sahid\Documents\Code\TECbox\TECBox_Backend\Frontend\TECBox-Frontend\dist\out-tsc\src\app\admin-view\admin-view.component.js.map
C:\Users\sahid\Documents\Code\TECbox\TECBox_Backend\Frontend\TECBox-Frontend\dist\out-tsc\src\app\admin-view\admin-view-routing.module.js
C:\Users\sahid\Documents\Code\TECbox\TECBox_Backend\Frontend\TECBox-Frontend\dist\out-tsc\src\app\admin-view\admin-view-routing.module.js.map
C:\Users\sahid\Documents\Code\TECbox\TECBox_Backend\Frontend\TECBox-Frontend\dist\out-tsc\src\app\admin-view\admin-view.module.js
C:\Users\sahid\Documents\Code\TECbox\TECBox_Backend\Frontend\TECBox-Frontend\dist\out-tsc\src\app\admin-view\admin-view.module.js.map
C:\Users\sahid\Documents\Code\TECbox\TECBox_Backend\Frontend\TECBox-Frontend\dist\out-tsc\src\app\report-view\reports.service.js
C:\Users\sahid\Documents\Code\TECbox\TECBox_Backend\Frontend\TECBox-Frontend\dist\out-tsc\src\app\report-view\reports.service.js.map
C:\Users\sahid\Documents\Code\TECbox\TECBox_Backend\Frontend\TECBox-Frontend\dist\out-tsc\src\app\report-view\report-view.component.js
C:\Users\sahid\Documents\Code\TECbox\TECBox_Backend\Frontend\TECBox-Frontend\dist\out-tsc\src\app\report-view\report-view.component.js.map
C:\Users\sahid\Documents\Code\TECbox\TECBox_Backend\Frontend\TECBox-Frontend\dist\out-tsc\src\app\report-view\report-view-routing.module.js
C:\Users\sahid\Documents\Code\TECbox\TECBox_Backend\Frontend\TECBox-Frontend\dist\out-tsc\src\app\report-view\report-view-routing.module.js.map
C:\Users\sahid\Documents\Code\TECbox\TECBox_Backend\Frontend\TECBox-Frontend\dist\out-tsc\src\app\report-view\report-view.module.js
C:\Users\sahid\Documents\Code\TECbox\TECBox_Backend\Frontend\TECBox-Frontend\dist\out-tsc\src\app\report-view\report-view.module.js.map
C:\Users\sahid\Documents\Code\TECbox\TECBox_Backend\Frontend\TECBox-Frontend\dist\out-tsc\src\app\cellar-view\cellar-view.service.js
C:\Users\sahid\Documents\Code\TECbox\TECBox_Backend\Frontend\TECBox-Frontend\dist\out-tsc\src\app\cellar-view\cellar-view.service.js.map
C:\Users\sahid\Documents\Code\TECbox\TECBox_Backend\Frontend\TECBox-Frontend\dist\out-tsc\src\app\cellar-view\cellar-view.component.js
C:\Users\sahid\Documents\Code\TECbox\TECBox_Backend\Frontend\TECBox-Frontend\dist\out-tsc\src\app\cellar-view\cellar-view.component.js.map
C:\Users\sahid\Documents\Code\TECbox\TECBox_Backend\Frontend\TECBox-Frontend\dist\out-tsc\src\app\cellar-view\cellar-view-routing.module.js
C:\Users\sahid\Documents\Code\TECbox\TECBox_Backend\Frontend\TECBox-Frontend\dist\out-tsc\src\app\cellar-view\cellar-view-routing.module.js.map
C:\Users\sahid\Documents\Code\TECbox\TECBox_Backend\Frontend\TECBox-Frontend\dist\out-tsc\src\app\table\table.component.js
C:\Users\sahid\Documents\Code\TECbox\TECBox_Backend\Frontend\TECBox-Frontend\dist\out-tsc\src\app\table\table.component.js.map
C:\Users\sahid\Documents\Code\TECbox\TECBox_Backend\Frontend\TECBox-Frontend\dist\out-tsc\src\app\shared\shared.module.js
C:\Users\sahid\Documents\Code\TECbox\TECBox_Backend\Frontend\TECBox-Frontend\dist\out-tsc\src\app\shared\shared.module.js.map
C:\Users\sahid\Documents\Code\TECbox\TECBox_Backend\Frontend\TECBox-Frontend\dist\out-tsc\src\app\cellar-view\cellar-view.module.js
C:\Users\sahid\Documents\Code\TECbox\TECBox_Backend\Frontend\TECBox-Frontend\dist\out-tsc\src\app\cellar-view\cellar-view.module.js.map
C:\Users\sahid\Documents\Code\TECbox\TECBox_Backend\Frontend\TECBox-Frontend\dist\out-tsc\src\app\client-view\client-view.service.js
C:\Users\sahid\Documents\Code\TECbox\TECBox_Backend\Frontend\TECBox-Frontend\dist\out-tsc\src\app\client-view\client-view.service.js.map
C:\Users\sahid\Documents\Code\TECbox\TECBox_Backend\Frontend\TECBox-Frontend\dist\out-tsc\src\app\client-view\client-view.component.js
C:\Users\sahid\Documents\Code\TECbox\TECBox_Backend\Frontend\TECBox-Frontend\dist\out-tsc\src\app\client-view\client-view.component.js.map
C:\Users\sahid\Documents\Code\TECbox\TECBox_Backend\Frontend\TECBox-Frontend\dist\out-tsc\src\app\client-view\client-view-routing.module.js
C:\Users\sahid\Documents\Code\TECbox\TECBox_Backend\Frontend\TECBox-Frontend\dist\out-tsc\src\app\client-view\client-view-routing.module.js.map
C:\Users\sahid\Documents\Code\TECbox\TECBox_Backend\Frontend\TECBox-Frontend\dist\out-tsc\src\app\client-view\client-view.module.js
C:\Users\sahid\Documents\Code\TECbox\TECBox_Backend\Frontend\TECBox-Frontend\dist\out-tsc\src\app\client-view\client-view.module.js.map
C:\Users\sahid\Documents\Code\TECbox\TECBox_Backend\Frontend\TECBox-Frontend\dist\out-tsc\src\app\login-view\login-view.component.js
C:\Users\sahid\Documents\Code\TECbox\TECBox_Backend\Frontend\TECBox-Frontend\dist\out-tsc\src\app\login-view\login-view.component.js.map
C:\Users\sahid\Documents\Code\TECbox\TECBox_Backend\Frontend\TECBox-Frontend\dist\out-tsc\src\app\login-view\login-view-routing.module.js
C:\Users\sahid\Documents\Code\TECbox\TECBox_Backend\Frontend\TECBox-Frontend\dist\out-tsc\src\app\login-view\login-view-routing.module.js.map
C:\Users\sahid\Documents\Code\TECbox\TECBox_Backend\Frontend\TECBox-Frontend\dist\out-tsc\src\app\login-view\login-view.module.js
C:\Users\sahid\Documents\Code\TECbox\TECBox_Backend\Frontend\TECBox-Frontend\dist\out-tsc\src\app\login-view\login-view.module.js.map
C:\Users\sahid\Documents\Code\TECbox\TECBox_Backend\Frontend\TECBox-Frontend\dist\out-tsc\src\app\app-routing.module.js
C:\Users\sahid\Documents\Code\TECbox\TECBox_Backend\Frontend\TECBox-Frontend\dist\out-tsc\src\app\app-routing.module.js.map
C:\Users\sahid\Documents\Code\TECbox\TECBox_Backend\Frontend\TECBox-Frontend\dist\out-tsc\src\app\app.component.js
C:\Users\sahid\Documents\Code\TECbox\TECBox_Backend\Frontend\TECBox-Frontend\dist\out-tsc\src\app\app.component.js.map
C:\Users\sahid\Documents\Code\TECbox\TECBox_Backend\Frontend\TECBox-Frontend\dist\out-tsc\src\app\app.module.js
C:\Users\sahid\Documents\Code\TECbox\TECBox_Backend\Frontend\TECBox-Frontend\dist\out-tsc\src\app\app.module.js.map
C:\Users\sahid\Documents\Code\TECbox\TECBox_Backend\Frontend\TECBox-Frontend\dist\out-tsc\src\environments\environment.js
C:\Users\sahid\Documents\Code\TECbox\TECBox_Backend\Frontend\TECBox-Frontend\dist\out-tsc\src\environments\environment.js.map
C:\Users\sahid\Documents\Code\TECbox\TECBox_Backend\Frontend\TECBox-Frontend\dist\out-tsc\src\main.js
C:\Users\sahid\Documents\Code\TECbox\TECBox_Backend\Frontend\TECBox-Frontend\dist\out-tsc\src\main.js.map
C:\Users\sahid\Documents\Code\TECbox\TECBox_Backend\Frontend\TECBox-Frontend\dist\out-tsc\src\polyfills.js
C:\Users\sahid\Documents\Code\TECbox\TECBox_Backend\Frontend\TECBox-Frontend\dist\out-tsc\src\polyfills.js.map
C:\Users\sahid\Documents\Code\TECbox\TECBox_Backend\Frontend\TECBox-Frontend\dist\out-tsc\src\test.js
C:\Users\sahid\Documents\Code\TECbox\TECBox_Backend\Frontend\TECBox-Frontend\dist\out-tsc\src\test.js.map
C:\Users\sahid\Documents\Code\TECbox\TECBox_Backend\Frontend\TECBox-Frontend\dist\out-tsc\src\app\app.component.spec.js
C:\Users\sahid\Documents\Code\TECbox\TECBox_Backend\Frontend\TECBox-Frontend\dist\out-tsc\src\app\app.component.spec.js.map
C:\Users\sahid\Documents\Code\TECbox\TECBox_Backend\Frontend\TECBox-Frontend\dist\out-tsc\src\app\filter.pipe.js
C:\Users\sahid\Documents\Code\TECbox\TECBox_Backend\Frontend\TECBox-Frontend\dist\out-tsc\src\app\filter.pipe.js.map
C:\Users\sahid\Documents\Code\TECbox\TECBox_Backend\Frontend\TECBox-Frontend\dist\out-tsc\src\app\admin-view\admin-view.component.spec.js
C:\Users\sahid\Documents\Code\TECbox\TECBox_Backend\Frontend\TECBox-Frontend\dist\out-tsc\src\app\admin-view\admin-view.component.spec.js.map
C:\Users\sahid\Documents\Code\TECbox\TECBox_Backend\Frontend\TECBox-Frontend\dist\out-tsc\src\app\admin-view\admin-view.service.spec.js
C:\Users\sahid\Documents\Code\TECbox\TECBox_Backend\Frontend\TECBox-Frontend\dist\out-tsc\src\app\admin-view\admin-view.service.spec.js.map
C:\Users\sahid\Documents\Code\TECbox\TECBox_Backend\Frontend\TECBox-Frontend\dist\out-tsc\src\app\auth\auth-routing.module.js
C:\Users\sahid\Documents\Code\TECbox\TECBox_Backend\Frontend\TECBox-Frontend\dist\out-tsc\src\app\auth\auth-routing.module.js.map
C:\Users\sahid\Documents\Code\TECbox\TECBox_Backend\Frontend\TECBox-Frontend\dist\out-tsc\src\app\auth\auth.module.js
C:\Users\sahid\Documents\Code\TECbox\TECBox_Backend\Frontend\TECBox-Frontend\dist\out-tsc\src\app\auth\auth.module.js.map
C:\Users\sahid\Documents\Code\TECbox\TECBox_Backend\Frontend\TECBox-Frontend\dist\out-tsc\src\app\cellar-view\cellar-view.component.spec.js
C:\Users\sahid\Documents\Code\TECbox\TECBox_Backend\Frontend\TECBox-Frontend\dist\out-tsc\src\app\cellar-view\cellar-view.component.spec.js.map
C:\Users\sahid\Documents\Code\TECbox\TECBox_Backend\Frontend\TECBox-Frontend\dist\out-tsc\src\app\cellar-view\cellar-view.service.spec.js
C:\Users\sahid\Documents\Code\TECbox\TECBox_Backend\Frontend\TECBox-Frontend\dist\out-tsc\src\app\cellar-view\cellar-view.service.spec.js.map
C:\Users\sahid\Documents\Code\TECbox\TECBox_Backend\Frontend\TECBox-Frontend\dist\out-tsc\src\app\client-view\client-view.component.spec.js
C:\Users\sahid\Documents\Code\TECbox\TECBox_Backend\Frontend\TECBox-Frontend\dist\out-tsc\src\app\client-view\client-view.component.spec.js.map
C:\Users\sahid\Documents\Code\TECbox\TECBox_Backend\Frontend\TECBox-Frontend\dist\out-tsc\src\app\client-view\client-view.service.spec.js
C:\Users\sahid\Documents\Code\TECbox\TECBox_Backend\Frontend\TECBox-Frontend\dist\out-tsc\src\app\client-view\client-view.service.spec.js.map
C:\Users\sahid\Documents\Code\TECbox\TECBox_Backend\Frontend\TECBox-Frontend\dist\out-tsc\src\app\guards\auth.guard.spec.js
C:\Users\sahid\Documents\Code\TECbox\TECBox_Backend\Frontend\TECBox-Frontend\dist\out-tsc\src\app\guards\auth.guard.spec.js.map
C:\Users\sahid\Documents\Code\TECbox\TECBox_Backend\Frontend\TECBox-Frontend\dist\out-tsc\src\app\home-view\home-view.component.spec.js
C:\Users\sahid\Documents\Code\TECbox\TECBox_Backend\Frontend\TECBox-Frontend\dist\out-tsc\src\app\home-view\home-view.component.spec.js.map
C:\Users\sahid\Documents\Code\TECbox\TECBox_Backend\Frontend\TECBox-Frontend\dist\out-tsc\src\app\home-view\home-view.service.spec.js
C:\Users\sahid\Documents\Code\TECbox\TECBox_Backend\Frontend\TECBox-Frontend\dist\out-tsc\src\app\home-view\home-view.service.spec.js.map
C:\Users\sahid\Documents\Code\TECbox\TECBox_Backend\Frontend\TECBox-Frontend\dist\out-tsc\src\app\login-view\login-view.component.spec.js
C:\Users\sahid\Documents\Code\TECbox\TECBox_Backend\Frontend\TECBox-Frontend\dist\out-tsc\src\app\login-view\login-view.component.spec.js.map
C:\Users\sahid\Documents\Code\TECbox\TECBox_Backend\Frontend\TECBox-Frontend\dist\out-tsc\src\app\login-view\login-view.service.spec.js
C:\Users\sahid\Documents\Code\TECbox\TECBox_Backend\Frontend\TECBox-Frontend\dist\out-tsc\src\app\login-view\login-view.service.spec.js.map
C:\Users\sahid\Documents\Code\TECbox\TECBox_Backend\Frontend\TECBox-Frontend\dist\out-tsc\src\app\report-view\report-view.component.spec.js
C:\Users\sahid\Documents\Code\TECbox\TECBox_Backend\Frontend\TECBox-Frontend\dist\out-tsc\src\app\report-view\report-view.component.spec.js.map
C:\Users\sahid\Documents\Code\TECbox\TECBox_Backend\Frontend\TECBox-Frontend\dist\out-tsc\src\app\report-view\reports.service.spec.js
C:\Users\sahid\Documents\Code\TECbox\TECBox_Backend\Frontend\TECBox-Frontend\dist\out-tsc\src\app\report-view\reports.service.spec.js.map
C:\Users\sahid\Documents\Code\TECbox\TECBox_Backend\Frontend\TECBox-Frontend\dist\out-tsc\src\app\table\table.component.spec.js
C:\Users\sahid\Documents\Code\TECbox\TECBox_Backend\Frontend\TECBox-Frontend\dist\out-tsc\src\app\table\table.component.spec.js.map
C:\Users\sahid\Documents\Code\TECbox\TECBox_Backend\Frontend\TECBox-Frontend\dist\out-tsc\src\environments\environment.prod.js
C:\Users\sahid\Documents\Code\TECbox\TECBox_Backend\Frontend\TECBox-Frontend\dist\out-tsc\src\environments\environment.prod.js.map
